<?xml version="1.0" encoding="UTF-8"?>
<!-- Generated by org.testng.reporters.JUnitReportReporter -->
<testsuite hostname="saravana-2405" failures="0" tests="6" name="api.test.DDTests" time="6.669" errors="0" timestamp="2025-06-11T14:40:34 IST" skipped="0">
  <testcase classname="api.test.DDTests" name="testPostuser" time="1.027"/>
  <testcase classname="api.test.DDTests" name="testPostuser" time="1.056"/>
  <testcase classname="api.test.DDTests" name="testPostuser" time="1.506"/>
  <testcase classname="api.test.DDTests" name="testDeleteuserbyName" time="1.000"/>
  <testcase classname="api.test.DDTests" name="testDeleteuserbyName" time="1.040"/>
  <testcase classname="api.test.DDTests" name="testDeleteuserbyName" time="1.040"/>
</testsuite> <!-- api.test.DDTests -->
