<?xml version="1.0" encoding="UTF-8"?>
<!-- Generated by org.testng.reporters.JUnitReportReporter -->
<testsuite hostname="saravana-2405" failures="0" tests="4" name="api.test.UserTests" time="6.835" errors="0" timestamp="2025-06-11T21:49:00 IST" skipped="0">
  <testcase classname="api.test.UserTests" name="testPostUser" time="1.965"/>
  <system-out/>
  <testcase classname="api.test.UserTests" name="testGetUserByName" time="1.278"/>
  <system-out/>
  <testcase classname="api.test.UserTests" name="testUpdateUserByName" time="2.306"/>
  <system-out/>
  <testcase classname="api.test.UserTests" name="testDeleteUserByName" time="1.286"/>
  <system-out/>
</testsuite> <!-- api.test.UserTests -->
