<?xml version="1.0" encoding="UTF-8"?>
<!-- Generated by org.testng.reporters.JUnitReportReporter -->
<testsuite hostname="saravana-2405" failures="0" tests="4" name="api.test.UserTests2" time="6.376" errors="0" timestamp="2025-06-13T18:22:07 IST" skipped="0">
  <testcase classname="api.test.UserTests2" name="testPostUser" time="1.664"/>
  <system-out/>
  <testcase classname="api.test.UserTests2" name="testGetUserByName" time="1.172"/>
  <system-out/>
  <testcase classname="api.test.UserTests2" name="testUpdateUserByName" time="2.345"/>
  <system-out/>
  <testcase classname="api.test.UserTests2" name="testDeleteUserByName" time="1.195"/>
  <system-out/>
</testsuite> <!-- api.test.UserTests2 -->
