<?xml version="1.0" encoding="UTF-8"?>
<!-- Generated by org.testng.reporters.JUnitReportReporter -->
<testsuite hostname="saravana-2405" failures="0" tests="4" name="api.test.UserTests2" time="7.163" errors="0" timestamp="2025-06-12T16:29:53 IST" skipped="0">
  <testcase classname="api.test.UserTests2" name="testPostUser" time="1.672"/>
  <system-out/>
  <testcase classname="api.test.UserTests2" name="testGetUserByName" time="2.325"/>
  <system-out/>
  <testcase classname="api.test.UserTests2" name="testUpdateUserByName" time="2.141"/>
  <system-out/>
  <testcase classname="api.test.UserTests2" name="testDeleteUserByName" time="1.025"/>
  <system-out/>
</testsuite> <!-- api.test.UserTests2 -->
