<?xml version="1.0" encoding="UTF-8"?>
<!-- Generated by org.testng.reporters.JUnitReportReporter -->
<testsuite hostname="saravana-2405" failures="0" tests="4" name="api.test.UserTests2" time="7.270" errors="0" timestamp="2025-06-13T17:23:13 IST" skipped="0">
  <testcase classname="api.test.UserTests2" name="testPostUser" time="2.731"/>
  <system-out/>
  <testcase classname="api.test.UserTests2" name="testGetUserByName" time="1.092"/>
  <system-out/>
  <testcase classname="api.test.UserTests2" name="testUpdateUserByName" time="2.275"/>
  <system-out/>
  <testcase classname="api.test.UserTests2" name="testDeleteUserByName" time="1.172"/>
  <system-out/>
</testsuite> <!-- api.test.UserTests2 -->
